This is pdfTeX, Version 3.141592653-2.6-1.40.27 (TeX Live 2025) (preloaded format=latex 2025.10.28)  15 JAN 2026 20:06
entering extended mode
 restricted \write18 enabled.
 %&-line parsing enabled.
**nwu-exam.ins
(./nwu-exam.ins
LaTeX2e <2024-11-01> patch level 2
L3 programming layer <2025-01-18>
(e:/texlive/2025/texmf-dist/tex/latex/base/docstrip.tex
\blockLevel=\count196
\emptyLines=\count197
\processedLines=\count198
\commentsRemoved=\count199
\commentsPassed=\count266
\codeLinesPassed=\count267
\TotalprocessedLines=\count268
\TotalcommentsRemoved=\count269
\TotalcommentsPassed=\count270
\TotalcodeLinesPassed=\count271
\NumberOfFiles=\count272
\inFile=\read2
\inputcheck=\read3
\off@0=\count273
\off@1=\count274
\off@2=\count275
\off@3=\count276
\off@4=\count277
\off@5=\count278
\off@6=\count279
\off@7=\count280
\off@8=\count281
\off@9=\count282
\off@10=\count283
\off@11=\count284
\off@12=\count285
\off@13=\count286
\off@14=\count287
\off@15=\count288
\@maxfiles=\count289
\@maxoutfiles=\count290

Utility: `docstrip' v2.6b <2022-09-03>
English documentation    <2024-02-08>

**********************************************************
* This program converts documented macro-files into fast *
* loadable files by stripping off (nearly) all comments! *
**********************************************************

********************************************************
* No Configuration file found, using default settings. *
********************************************************

)

Generating file(s) ./nwu-exam.cls 
\openout0 = `./nwu-exam.cls'.


Processing file nwu-exam.dtx (class) -> nwu-exam.cls
Lines  processed: 97
Comments removed: 29
Comments  passed: 0
Codelines passed: 64

****************************************************
* Installation complete. Move nwu-exam.cls to your *
* TeX search path or keep it in the working folder.*
****************************************************
 ) 
Here is how much of TeX's memory you used:
 328 strings out of 473191
 3480 string characters out of 5720004
 393890 words of memory out of 5000000
 23675 multiletter control sequences out of 15000+600000
 558837 words of font info for 36 fonts, out of 8000000 for 9000
 1141 hyphenation exceptions out of 8191
 12i,0n,15p,121b,115s stack positions out of 10000i,1000n,20000p,200000b,200000s

No pages of output.
